INFO 2020/3/3 下午3:21:57  luanchFromDiffVersion, pre version is undefined
INFO 2020/3/3 下午3:21:57  overwriteThemeFolder
INFO 2020/3/3 下午3:21:57  ------------------start------------------
INFO 2020/3/3 下午3:21:57  typora version: 0.9.85
DEBUG 2020/3/3 下午3:21:57  [ '/usr/share/typora/Typora' ]
INFO 2020/3/3 下午3:21:57  [Raven] instanceKey = 521b21d9-6792-4628-9f77-e242b0855472
DEBUG 2020/3/3 下午3:21:57  app.openFile
INFO 2020/3/3 下午3:21:58  [Raven] userId = 77a7df68-3b9e-4627-a87c-57b88e2de100
INFO 2020/3/3 下午3:21:58  [focus] 1
INFO 2020/3/3 下午3:22:07  [blur] 1
INFO 2020/3/3 下午3:22:09  [focus] 1
INFO 2020/3/3 下午3:22:17  ----------------before-quit-----------------
INFO 2020/3/3 下午3:22:17  ------------------will-quit------------------
INFO 2020/3/11 下午5:47:51  ------------------start------------------
INFO 2020/3/11 下午5:47:51  typora version: 0.9.85
DEBUG 2020/3/11 下午5:47:51  [ '/usr/share/typora/Typora' ]
INFO 2020/3/11 下午5:47:51  [Raven] instanceKey = bf21647f-ab92-4f29-82ec-edee58f819c7
DEBUG 2020/3/11 下午5:47:51  app.openFile
INFO 2020/3/11 下午5:47:52  [Raven] userId = 77a7df68-3b9e-4627-a87c-57b88e2de100
INFO 2020/3/11 下午5:47:52  [focus] 1
INFO 2020/3/11 下午5:48:07  ----------------before-quit-----------------
INFO 2020/3/11 下午5:48:07  ------------------will-quit------------------
INFO 2020/3/11 下午5:48:26  ------------------start------------------
INFO 2020/3/11 下午5:48:26  typora version: 0.9.85
DEBUG 2020/3/11 下午5:48:26  [ '/usr/share/typora/Typora', '5_2.md' ]
DEBUG 2020/3/11 下午5:48:26  app.openFile
INFO 2020/3/11 下午5:48:26  addRecentDocument
INFO 2020/3/11 下午5:48:27  [Raven] instanceKey = 7c01523b-b065-43b7-84d7-a6fcf5eff396
INFO 2020/3/11 下午5:48:27  [Raven] userId = 77a7df68-3b9e-4627-a87c-57b88e2de100
INFO 2020/3/11 下午5:48:27  [focus] 1
INFO 2020/3/11 下午5:49:13  ----------------before-quit-----------------
INFO 2020/3/11 下午5:49:13  ------------------will-quit------------------
INFO 2020/4/28 下午12:08:42  luanchFromDiffVersion, pre version is 0.9.85
INFO 2020/4/28 下午12:08:42  overwriteThemeFolder
INFO 2020/4/28 下午12:08:42  ------------------start------------------
INFO 2020/4/28 下午12:08:42  typora version: 0.9.86
DEBUG 2020/4/28 下午12:08:42  [ '/usr/share/typora/Typora' ]
INFO 2020/4/28 下午12:08:42  [Raven] instanceKey = e77f3f68-b625-49e2-ac9b-b0e4a2e40394
DEBUG 2020/4/28 下午12:08:42  app.openFile
INFO 2020/4/28 下午12:08:46  [Raven] userId = 77a7df68-3b9e-4627-a87c-57b88e2de100
INFO 2020/4/28 下午12:08:46  [focus] 1
INFO 2020/4/28 下午12:08:47  [blur] 1
INFO 2020/4/28 下午12:08:47  [focus] 1
INFO 2020/4/28 下午12:08:48  [blur] 1
INFO 2020/4/28 下午12:08:52  [focus] 1
INFO 2020/4/28 下午12:08:52  [blur] 1
INFO 2020/4/28 下午12:08:52  [focus] 1
INFO 2020/4/28 下午12:08:53  [blur] 1
INFO 2020/4/28 下午12:09:04  [focus] 1
INFO 2020/4/28 下午12:09:22  [blur] 1
INFO 2020/4/28 下午12:09:33  [focus] 1
INFO 2020/4/28 下午12:09:40  [blur] 1
INFO 2020/4/28 下午12:10:10  [focus] 1
INFO 2020/4/28 下午12:10:12  [blur] 1
INFO 2020/4/28 下午12:11:00  [focus] 1
INFO 2020/4/28 下午12:11:03  ----------------before-quit-----------------
INFO 2020/4/28 下午12:11:03  ------------------will-quit------------------
