
-------- SESSION 2020-03-14T18:59:39.897Z (10.0.0+201911260056, linux, x64, 8091062272, XMind Ltd., vana_linux_64) --------
[I 2020-03-14T18:59:40.000Z main:store:plugins:iap] The user is not allowed to make in-app purchase.
[I 2020-03-14T18:59:40.254Z main:store:plugins:electron] Application will finish launching.
[I 2020-03-14T18:59:40.269Z main:store:plugins:electron] Application arguments: ["/usr/lib/electron5/electron","/usr/share/XMind/app.asar","Python编程：从入门到实践.xmind"]
[I 2020-03-14T18:59:40.280Z main:store:plugins:electron] Application is ready.
[I 2020-03-14T18:59:40.296Z main:store:plugins:open-handler] Recover: Map {}
[I 2020-03-14T18:59:40.302Z main:store:plugins:activation-updater] Start updating subscription information periodically.
[I 2020-03-14T18:59:40.302Z main:store:plugins:activation-updater] Start updating per-machine license information periodically.
[I 2020-03-14T18:59:40.304Z main:store:plugins:open-handler] Open: file:///home/hine/%E6%96%87%E6%A1%A3/Tencent%20Files/1337735344/FileRecv/MobileFile/Python%E7%BC%96%E7%A8%8B%EF%BC%9A%E4%BB%8E%E5%85%A5%E9%97%A8%E5%88%B0%E5%AE%9E%E8%B7%B5.xmind
[I 2020-03-14T18:59:40.464Z main:store:plugins:electron] Device ID: dc75f132-dd6f-477a-9c83-842f83dec083
[I 2020-03-14T18:59:46.992Z promotion] Event id: 2020-2-backwork
[I 2020-03-14T19:00:31.525Z snowbrush] Export image time: from 1584212431525 to 1584212431525.
[I 2020-03-14T19:01:38.004Z main:store:plugins:editors:EditorFrame] Frame 1 close
[I 2020-03-14T19:01:38.022Z main:store:plugins:editors:EditorFrame] Not find editor view: undefined file:///usr/share/XMind/app.asar/renderer/editor-frame.html?frameId=1&_apr=default
[I 2020-03-14T19:01:38.083Z main:store:plugins:editors:EditorFrame] Frame 1 close
[I 2020-03-14T19:01:38.119Z main:store:plugins:electron] Application is intended to quit.
[I 2020-03-14T19:01:38.119Z main:store:plugins:electron] Asking all editors to close their documents...
[I 2020-03-14T19:01:38.145Z main:store:plugins:editors:EditorFrame] Frame 1 webContents destroyed
[I 2020-03-14T19:01:38.161Z main:store:plugins:electron] All documents are closed.
[I 2020-03-14T19:01:38.161Z main:store:plugins:activation-updater] Stop updating per-machine license information periodically.
[I 2020-03-14T19:01:38.162Z main:store:plugins:activation-updater] Stop updating subscription information periodically.
[I 2020-03-14T19:01:38.165Z main:store:plugins:electron] Application is intended to quit.
[I 2020-03-14T19:01:38.165Z main:store:plugins:electron] Application will quit.
[I 2020-03-14T19:01:38.165Z main:store:plugins:electron] Application quitted.
