
-------- SESSION 2020-03-08T11:06:05.671Z (10.0.0+201911260056, linux, x64, 8091062272, XMind Ltd., vana_linux_64) --------
[I 2020-03-08T11:06:05.726Z main:store:plugins:memento] Migration start
[I 2020-03-08T11:06:05.729Z main:store:plugins:memento] Migration stop, vud directory doesn't exist
[I 2020-03-08T11:06:05.729Z main:store:plugins:memento] Migration completed [] . used time: 0 sec.
[I 2020-03-08T11:06:05.731Z main:store:plugins:memento] Migration 2 start
[I 2020-03-08T11:06:05.732Z main:store:plugins:memento] Migration 2 completed.
[I 2020-03-08T11:06:05.778Z main:store:plugins:iap] The user is not allowed to make in-app purchase.
[I 2020-03-08T11:06:05.966Z main:store:plugins:electron] Application will finish launching.
[I 2020-03-08T11:06:05.975Z main:store:plugins:electron] Application arguments: ["/usr/lib/electron5/electron","/usr/share/XMind/app.asar"]
[I 2020-03-08T11:06:05.987Z main:store:plugins:electron] Application is ready.
[I 2020-03-08T11:06:06.113Z main:store:plugins:electron] Device ID: dc75f132-dd6f-477a-9c83-842f83dec083
[W 2020-03-08T11:06:24.266Z mixins-signin] Error while signing in: [404] '{"_code":404}'
[W 2020-03-08T11:06:34.704Z mixins-signin] Error while signing in: [404] '{"_code":404}'
[I 2020-03-08T11:07:09.123Z main:store:plugins:open-handler] Recover: Map {}
[I 2020-03-08T11:07:09.123Z main:store:plugins:activation-updater] Start updating subscription information periodically.
[I 2020-03-08T11:07:09.124Z main:store:plugins:activation-updater] Start updating per-machine license information periodically.
[I 2020-03-08T11:07:45.355Z promotion] Event id: 2020-2-backwork
[I 2020-03-08T11:08:07.671Z snowbrush] Export image time: from 1583665687671 to 1583665687671.
[I 2020-03-08T11:08:09.038Z main:store:plugins:editors:EditorFrame] Frame 1 close
[I 2020-03-08T11:08:09.048Z main:store:plugins:editors:EditorFrame] Not find editor view: undefined file:///usr/share/XMind/app.asar/renderer/editor-frame.html?frameId=1&_apr=default
[I 2020-03-08T11:08:09.101Z main:store:plugins:editors:EditorFrame] Frame 1 close
[I 2020-03-08T11:08:09.134Z main:store:plugins:electron] Application is intended to quit.
[I 2020-03-08T11:08:09.134Z main:store:plugins:electron] Asking all editors to close their documents...
[I 2020-03-08T11:08:09.170Z main:store:plugins:editors:EditorFrame] Frame 1 webContents destroyed
[I 2020-03-08T11:08:09.188Z main:store:plugins:electron] All documents are closed.
[I 2020-03-08T11:08:09.189Z main:store:plugins:activation-updater] Stop updating per-machine license information periodically.
[I 2020-03-08T11:08:09.189Z main:store:plugins:activation-updater] Stop updating subscription information periodically.
[I 2020-03-08T11:08:09.192Z main:store:plugins:electron] Application is intended to quit.
[I 2020-03-08T11:08:09.192Z main:store:plugins:electron] Application will quit.
[I 2020-03-08T11:08:09.193Z main:store:plugins:electron] Application quitted.
